<?xml version="1.0" encoding="UTF-8"?>
<!-- Generated by org.testng.reporters.JUnitReportReporter -->
<testsuite hostname="DVA-5ZGPBY3-L" name="com.davita.mini.AddRemoveItemBasketTest" tests="1" failures="0" timestamp="15 Jan 2024 19:20:18 GMT" time="15.467" errors="0">
  <testcase name="addRemoveItem" time="15.467" classname="com.davita.mini.AddRemoveItemBasketTest"/>
</testsuite> <!-- com.davita.mini.AddRemoveItemBasketTest -->
