<?xml version="1.0" encoding="UTF-8"?>
<!-- Generated by org.testng.reporters.JUnitReportReporter -->
<testsuite hostname="DVA-5ZGPBY3-L" name="com.davita.mini.OrderCompleteTest" tests="1" failures="0" timestamp="15 Jan 2024 18:46:12 GMT" time="22.142" errors="0">
  <testcase name="endToEndTest" time="22.142" classname="com.davita.mini.OrderCompleteTest"/>
</testsuite> <!-- com.davita.mini.OrderCompleteTest -->
