<?xml version="1.0" encoding="UTF-8"?>
<!-- Generated by org.testng.reporters.JUnitReportReporter -->
<testsuite skipped="0" hostname="DVA-5ZGPBY3-L" name="com.davita.mini.OrderCompleteTest" tests="1" failures="0" timestamp="2024-01-15T11:14:48 PST" time="19.976" errors="0">
  <testcase name="endToEndTest" time="19.976" classname="com.davita.mini.OrderCompleteTest"/>
  <system-out/>
</testsuite> <!-- com.davita.mini.OrderCompleteTest -->
